<?xml version="1.0" encoding="UTF-8"?>
<testsuite xmlns:xsi="http://www.w3.org/2001/XMLSchema-instance" xsi:noNamespaceSchemaLocation="https://maven.apache.org/surefire/maven-surefire-plugin/xsd/surefire-test-report.xsd" name="com.lordandtaylor.qa.scripts.junit.cucumber.BDDRunnerJUnit" time="87.468" tests="0" errors="0" skipped="0" failures="0">
  <properties>
    <property name="sun.desktop" value="windows"/>
    <property name="awt.toolkit" value="sun.awt.windows.WToolkit"/>
    <property name="file.encoding.pkg" value="sun.io"/>
    <property name="java.specification.version" value="1.8"/>
    <property name="sun.cpu.isalist" value="amd64"/>
    <property name="sun.jnu.encoding" value="Cp1252"/>
    <property name="java.class.path" value="C:\MyDevelopments\IdeaProjects\LordAndTaylor\target\test-classes;C:\MyDevelopments\IdeaProjects\LordAndTaylor\target\classes;C:\MyDevelopments\DevTools\MavenRepository\org\seleniumhq\selenium\selenium-java\3.9.1\selenium-java-3.9.1.jar;C:\MyDevelopments\DevTools\MavenRepository\org\seleniumhq\selenium\selenium-api\3.9.1\selenium-api-3.9.1.jar;C:\MyDevelopments\DevTools\MavenRepository\org\seleniumhq\selenium\selenium-chrome-driver\3.9.1\selenium-chrome-driver-3.9.1.jar;C:\MyDevelopments\DevTools\MavenRepository\org\seleniumhq\selenium\selenium-edge-driver\3.9.1\selenium-edge-driver-3.9.1.jar;C:\MyDevelopments\DevTools\MavenRepository\org\seleniumhq\selenium\selenium-firefox-driver\3.9.1\selenium-firefox-driver-3.9.1.jar;C:\MyDevelopments\DevTools\MavenRepository\org\seleniumhq\selenium\selenium-ie-driver\3.9.1\selenium-ie-driver-3.9.1.jar;C:\MyDevelopments\DevTools\MavenRepository\org\seleniumhq\selenium\selenium-opera-driver\3.9.1\selenium-opera-driver-3.9.1.jar;C:\MyDevelopments\DevTools\MavenRepository\org\seleniumhq\selenium\selenium-remote-driver\3.9.1\selenium-remote-driver-3.9.1.jar;C:\MyDevelopments\DevTools\MavenRepository\org\seleniumhq\selenium\selenium-safari-driver\3.9.1\selenium-safari-driver-3.9.1.jar;C:\MyDevelopments\DevTools\MavenRepository\org\seleniumhq\selenium\selenium-support\3.9.1\selenium-support-3.9.1.jar;C:\MyDevelopments\DevTools\MavenRepository\net\bytebuddy\byte-buddy\1.7.9\byte-buddy-1.7.9.jar;C:\MyDevelopments\DevTools\MavenRepository\org\apache\commons\commons-exec\1.3\commons-exec-1.3.jar;C:\MyDevelopments\DevTools\MavenRepository\commons-codec\commons-codec\1.10\commons-codec-1.10.jar;C:\MyDevelopments\DevTools\MavenRepository\commons-logging\commons-logging\1.2\commons-logging-1.2.jar;C:\MyDevelopments\DevTools\MavenRepository\com\google\code\gson\gson\2.8.2\gson-2.8.2.jar;C:\MyDevelopments\DevTools\MavenRepository\com\google\guava\guava\23.6-jre\guava-23.6-jre.jar;C:\MyDevelopments\DevTools\MavenRepository\com\google\code\findbugs\jsr305\1.3.9\jsr305-1.3.9.jar;C:\MyDevelopments\DevTools\MavenRepository\org\checkerframework\checker-compat-qual\2.0.0\checker-compat-qual-2.0.0.jar;C:\MyDevelopments\DevTools\MavenRepository\com\google\errorprone\error_prone_annotations\2.1.3\error_prone_annotations-2.1.3.jar;C:\MyDevelopments\DevTools\MavenRepository\com\google\j2objc\j2objc-annotations\1.1\j2objc-annotations-1.1.jar;C:\MyDevelopments\DevTools\MavenRepository\org\codehaus\mojo\animal-sniffer-annotations\1.14\animal-sniffer-annotations-1.14.jar;C:\MyDevelopments\DevTools\MavenRepository\org\apache\httpcomponents\httpclient\4.5.3\httpclient-4.5.3.jar;C:\MyDevelopments\DevTools\MavenRepository\org\apache\httpcomponents\httpcore\4.4.6\httpcore-4.4.6.jar;C:\MyDevelopments\DevTools\MavenRepository\com\squareup\okhttp3\okhttp\3.9.1\okhttp-3.9.1.jar;C:\MyDevelopments\DevTools\MavenRepository\com\squareup\okio\okio\1.13.0\okio-1.13.0.jar;C:\MyDevelopments\DevTools\MavenRepository\io\github\bonigarcia\webdrivermanager\2.0.0\webdrivermanager-2.0.0.jar;C:\MyDevelopments\DevTools\MavenRepository\org\slf4j\slf4j-api\1.7.24\slf4j-api-1.7.24.jar;C:\MyDevelopments\DevTools\MavenRepository\commons-io\commons-io\2.5\commons-io-2.5.jar;C:\MyDevelopments\DevTools\MavenRepository\org\apache\commons\commons-lang3\3.5\commons-lang3-3.5.jar;C:\MyDevelopments\DevTools\MavenRepository\org\rauschig\jarchivelib\0.7.1\jarchivelib-0.7.1.jar;C:\MyDevelopments\DevTools\MavenRepository\org\apache\commons\commons-compress\1.9\commons-compress-1.9.jar;C:\MyDevelopments\DevTools\MavenRepository\org\jsoup\jsoup\1.10.2\jsoup-1.10.2.jar;C:\MyDevelopments\DevTools\MavenRepository\junit\junit\4.12\junit-4.12.jar;C:\MyDevelopments\DevTools\MavenRepository\org\hamcrest\hamcrest-core\1.3\hamcrest-core-1.3.jar;C:\MyDevelopments\DevTools\MavenRepository\org\testng\testng\6.13.1\testng-6.13.1.jar;C:\MyDevelopments\DevTools\MavenRepository\com\beust\jcommander\1.72\jcommander-1.72.jar;C:\MyDevelopments\DevTools\MavenRepository\com\tngtech\java\junit-dataprovider\1.13.1\junit-dataprovider-1.13.1.jar;C:\MyDevelopments\DevTools\MavenRepository\net\sourceforge\jexcelapi\jxl\2.6.12\jxl-2.6.12.jar;C:\MyDevelopments\DevTools\MavenRepository\log4j\log4j\1.2.14\log4j-1.2.14.jar;C:\MyDevelopments\DevTools\MavenRepository\org\apache\poi\poi-ooxml\3.17\poi-ooxml-3.17.jar;C:\MyDevelopments\DevTools\MavenRepository\org\apache\poi\poi\3.17\poi-3.17.jar;C:\MyDevelopments\DevTools\MavenRepository\org\apache\commons\commons-collections4\4.1\commons-collections4-4.1.jar;C:\MyDevelopments\DevTools\MavenRepository\org\apache\poi\poi-ooxml-schemas\3.17\poi-ooxml-schemas-3.17.jar;C:\MyDevelopments\DevTools\MavenRepository\org\apache\xmlbeans\xmlbeans\2.6.0\xmlbeans-2.6.0.jar;C:\MyDevelopments\DevTools\MavenRepository\stax\stax-api\1.0.1\stax-api-1.0.1.jar;C:\MyDevelopments\DevTools\MavenRepository\com\github\virtuald\curvesapi\1.04\curvesapi-1.04.jar;C:\MyDevelopments\DevTools\MavenRepository\org\hamcrest\hamcrest-all\1.3\hamcrest-all-1.3.jar;C:\MyDevelopments\DevTools\MavenRepository\info\cukes\cucumber-java\1.2.5\cucumber-java-1.2.5.jar;C:\MyDevelopments\DevTools\MavenRepository\info\cukes\cucumber-core\1.2.5\cucumber-core-1.2.5.jar;C:\MyDevelopments\DevTools\MavenRepository\info\cukes\cucumber-html\0.2.3\cucumber-html-0.2.3.jar;C:\MyDevelopments\DevTools\MavenRepository\info\cukes\cucumber-jvm-deps\1.0.5\cucumber-jvm-deps-1.0.5.jar;C:\MyDevelopments\DevTools\MavenRepository\info\cukes\gherkin\2.12.2\gherkin-2.12.2.jar;C:\MyDevelopments\DevTools\MavenRepository\info\cukes\cucumber-junit\1.2.5\cucumber-junit-1.2.5.jar;C:\MyDevelopments\DevTools\MavenRepository\info\cukes\cucumber-testng\1.2.5\cucumber-testng-1.2.5.jar;C:\MyDevelopments\DevTools\MavenRepository\net\masterthought\cucumber-reporting\3.14.0\cucumber-reporting-3.14.0.jar;C:\MyDevelopments\DevTools\MavenRepository\org\apache\logging\log4j\log4j-api\2.8.2\log4j-api-2.8.2.jar;C:\MyDevelopments\DevTools\MavenRepository\org\apache\logging\log4j\log4j-core\2.8.2\log4j-core-2.8.2.jar;C:\MyDevelopments\DevTools\MavenRepository\com\fasterxml\jackson\core\jackson-databind\2.8.6\jackson-databind-2.8.6.jar;C:\MyDevelopments\DevTools\MavenRepository\com\fasterxml\jackson\core\jackson-annotations\2.8.0\jackson-annotations-2.8.0.jar;C:\MyDevelopments\DevTools\MavenRepository\com\fasterxml\jackson\core\jackson-core\2.8.6\jackson-core-2.8.6.jar;C:\MyDevelopments\DevTools\MavenRepository\org\apache\velocity\velocity\1.7\velocity-1.7.jar;C:\MyDevelopments\DevTools\MavenRepository\commons-collections\commons-collections\3.2.1\commons-collections-3.2.1.jar;C:\MyDevelopments\DevTools\MavenRepository\commons-lang\commons-lang\2.4\commons-lang-2.4.jar;C:\MyDevelopments\DevTools\MavenRepository\velocity-tools\velocity-tools\1.4\velocity-tools-1.4.jar;C:\MyDevelopments\DevTools\MavenRepository\joda-time\joda-time\2.9.9\joda-time-2.9.9.jar;C:\MyDevelopments\DevTools\MavenRepository\net\lingala\zip4j\zip4j\1.3.2\zip4j-1.3.2.jar;C:\MyDevelopments\DevTools\MavenRepository\org\codehaus\plexus\plexus-utils\3.0.24\plexus-utils-3.0.24.jar;C:\MyDevelopments\DevTools\MavenRepository\com\googlecode\owasp-java-html-sanitizer\owasp-java-html-sanitizer\20170515.1\owasp-java-html-sanitizer-20170515.1.jar;C:\MyDevelopments\DevTools\MavenRepository\commons-configuration\commons-configuration\1.6\commons-configuration-1.6.jar;C:\MyDevelopments\DevTools\MavenRepository\commons-digester\commons-digester\1.8\commons-digester-1.8.jar;C:\MyDevelopments\DevTools\MavenRepository\commons-beanutils\commons-beanutils\1.7.0\commons-beanutils-1.7.0.jar;C:\MyDevelopments\DevTools\MavenRepository\commons-beanutils\commons-beanutils-core\1.8.0\commons-beanutils-core-1.8.0.jar;C:\MyDevelopments\DevTools\MavenRepository\net\masterthought\maven-cucumber-reporting\3.14.0\maven-cucumber-reporting-3.14.0.jar;C:\MyDevelopments\DevTools\MavenRepository\org\apache\maven\maven-plugin-api\3.3.9\maven-plugin-api-3.3.9.jar;C:\MyDevelopments\DevTools\MavenRepository\org\apache\maven\maven-model\3.3.9\maven-model-3.3.9.jar;C:\MyDevelopments\DevTools\MavenRepository\org\apache\maven\maven-artifact\3.3.9\maven-artifact-3.3.9.jar;C:\MyDevelopments\DevTools\MavenRepository\org\eclipse\sisu\org.eclipse.sisu.plexus\0.3.2\org.eclipse.sisu.plexus-0.3.2.jar;C:\MyDevelopments\DevTools\MavenRepository\javax\enterprise\cdi-api\1.0\cdi-api-1.0.jar;C:\MyDevelopments\DevTools\MavenRepository\javax\annotation\jsr250-api\1.0\jsr250-api-1.0.jar;C:\MyDevelopments\DevTools\MavenRepository\javax\inject\javax.inject\1\javax.inject-1.jar;C:\MyDevelopments\DevTools\MavenRepository\org\eclipse\sisu\org.eclipse.sisu.inject\0.3.2\org.eclipse.sisu.inject-0.3.2.jar;C:\MyDevelopments\DevTools\MavenRepository\org\codehaus\plexus\plexus-component-annotations\1.5.5\plexus-component-annotations-1.5.5.jar;C:\MyDevelopments\DevTools\MavenRepository\org\codehaus\plexus\plexus-classworlds\2.5.2\plexus-classworlds-2.5.2.jar;C:\MyDevelopments\DevTools\MavenRepository\org\apache\maven\plugins\maven-gpg-plugin\1.6\maven-gpg-plugin-1.6.jar;C:\MyDevelopments\DevTools\MavenRepository\org\apache\maven\maven-project\2.2.1\maven-project-2.2.1.jar;C:\MyDevelopments\DevTools\MavenRepository\org\apache\maven\maven-settings\2.2.1\maven-settings-2.2.1.jar;C:\MyDevelopments\DevTools\MavenRepository\org\apache\maven\maven-profile\2.2.1\maven-profile-2.2.1.jar;C:\MyDevelopments\DevTools\MavenRepository\org\apache\maven\maven-artifact-manager\2.2.1\maven-artifact-manager-2.2.1.jar;C:\MyDevelopments\DevTools\MavenRepository\org\apache\maven\wagon\wagon-provider-api\1.0-beta-6\wagon-provider-api-1.0-beta-6.jar;C:\MyDevelopments\DevTools\MavenRepository\backport-util-concurrent\backport-util-concurrent\3.1\backport-util-concurrent-3.1.jar;C:\MyDevelopments\DevTools\MavenRepository\org\apache\maven\maven-plugin-registry\2.2.1\maven-plugin-registry-2.2.1.jar;C:\MyDevelopments\DevTools\MavenRepository\org\codehaus\plexus\plexus-interpolation\1.11\plexus-interpolation-1.11.jar;C:\MyDevelopments\DevTools\MavenRepository\org\codehaus\plexus\plexus-container-default\1.0-alpha-9-stable-1\plexus-container-default-1.0-alpha-9-stable-1.jar;C:\MyDevelopments\DevTools\MavenRepository\classworlds\classworlds\1.1-alpha-2\classworlds-1.1-alpha-2.jar;C:\MyDevelopments\DevTools\MavenRepository\org\apache\maven\maven-repository-metadata\2.2.1\maven-repository-metadata-2.2.1.jar;C:\MyDevelopments\DevTools\MavenRepository\org\sonatype\plexus\plexus-sec-dispatcher\1.4\plexus-sec-dispatcher-1.4.jar;C:\MyDevelopments\DevTools\MavenRepository\org\sonatype\plexus\plexus-cipher\1.4\plexus-cipher-1.4.jar;C:\MyDevelopments\DevTools\MavenRepository\org\apache\maven\surefire\surefire-testng-utils\2.20.1\surefire-testng-utils-2.20.1.jar;C:\MyDevelopments\DevTools\MavenRepository\org\apache\maven\surefire\surefire-grouper\2.20.1\surefire-grouper-2.20.1.jar;"/>
    <property name="java.vm.vendor" value="Oracle Corporation"/>
    <property name="sun.arch.data.model" value="64"/>
    <property name="user.variant" value=""/>
    <property name="java.vendor.url" value="http://java.oracle.com/"/>
    <property name="user.timezone" value=""/>
    <property name="java.vm.specification.version" value="1.8"/>
    <property name="os.name" value="Windows 7"/>
    <property name="user.country" value="US"/>
    <property name="sun.java.launcher" value="SUN_STANDARD"/>
    <property name="sun.boot.library.path" value="C:\Program Files\Java\jdk1.8.0_151\jre\bin"/>
    <property name="sun.java.command" value="C:\Users\SHIFTS~1\AppData\Local\Temp\surefire3522308957807097282\surefirebooter2604721041483176421.jar C:\Users\ShiftStudent\AppData\Local\Temp\surefire3522308957807097282 2018-04-07T12-46-31_094-jvmRun1 surefire2917036781163706243tmp surefire_0508879721034143704tmp"/>
    <property name="surefire.test.class.path" value="C:\MyDevelopments\IdeaProjects\LordAndTaylor\target\test-classes;C:\MyDevelopments\IdeaProjects\LordAndTaylor\target\classes;C:\MyDevelopments\DevTools\MavenRepository\org\seleniumhq\selenium\selenium-java\3.9.1\selenium-java-3.9.1.jar;C:\MyDevelopments\DevTools\MavenRepository\org\seleniumhq\selenium\selenium-api\3.9.1\selenium-api-3.9.1.jar;C:\MyDevelopments\DevTools\MavenRepository\org\seleniumhq\selenium\selenium-chrome-driver\3.9.1\selenium-chrome-driver-3.9.1.jar;C:\MyDevelopments\DevTools\MavenRepository\org\seleniumhq\selenium\selenium-edge-driver\3.9.1\selenium-edge-driver-3.9.1.jar;C:\MyDevelopments\DevTools\MavenRepository\org\seleniumhq\selenium\selenium-firefox-driver\3.9.1\selenium-firefox-driver-3.9.1.jar;C:\MyDevelopments\DevTools\MavenRepository\org\seleniumhq\selenium\selenium-ie-driver\3.9.1\selenium-ie-driver-3.9.1.jar;C:\MyDevelopments\DevTools\MavenRepository\org\seleniumhq\selenium\selenium-opera-driver\3.9.1\selenium-opera-driver-3.9.1.jar;C:\MyDevelopments\DevTools\MavenRepository\org\seleniumhq\selenium\selenium-remote-driver\3.9.1\selenium-remote-driver-3.9.1.jar;C:\MyDevelopments\DevTools\MavenRepository\org\seleniumhq\selenium\selenium-safari-driver\3.9.1\selenium-safari-driver-3.9.1.jar;C:\MyDevelopments\DevTools\MavenRepository\org\seleniumhq\selenium\selenium-support\3.9.1\selenium-support-3.9.1.jar;C:\MyDevelopments\DevTools\MavenRepository\net\bytebuddy\byte-buddy\1.7.9\byte-buddy-1.7.9.jar;C:\MyDevelopments\DevTools\MavenRepository\org\apache\commons\commons-exec\1.3\commons-exec-1.3.jar;C:\MyDevelopments\DevTools\MavenRepository\commons-codec\commons-codec\1.10\commons-codec-1.10.jar;C:\MyDevelopments\DevTools\MavenRepository\commons-logging\commons-logging\1.2\commons-logging-1.2.jar;C:\MyDevelopments\DevTools\MavenRepository\com\google\code\gson\gson\2.8.2\gson-2.8.2.jar;C:\MyDevelopments\DevTools\MavenRepository\com\google\guava\guava\23.6-jre\guava-23.6-jre.jar;C:\MyDevelopments\DevTools\MavenRepository\com\google\code\findbugs\jsr305\1.3.9\jsr305-1.3.9.jar;C:\MyDevelopments\DevTools\MavenRepository\org\checkerframework\checker-compat-qual\2.0.0\checker-compat-qual-2.0.0.jar;C:\MyDevelopments\DevTools\MavenRepository\com\google\errorprone\error_prone_annotations\2.1.3\error_prone_annotations-2.1.3.jar;C:\MyDevelopments\DevTools\MavenRepository\com\google\j2objc\j2objc-annotations\1.1\j2objc-annotations-1.1.jar;C:\MyDevelopments\DevTools\MavenRepository\org\codehaus\mojo\animal-sniffer-annotations\1.14\animal-sniffer-annotations-1.14.jar;C:\MyDevelopments\DevTools\MavenRepository\org\apache\httpcomponents\httpclient\4.5.3\httpclient-4.5.3.jar;C:\MyDevelopments\DevTools\MavenRepository\org\apache\httpcomponents\httpcore\4.4.6\httpcore-4.4.6.jar;C:\MyDevelopments\DevTools\MavenRepository\com\squareup\okhttp3\okhttp\3.9.1\okhttp-3.9.1.jar;C:\MyDevelopments\DevTools\MavenRepository\com\squareup\okio\okio\1.13.0\okio-1.13.0.jar;C:\MyDevelopments\DevTools\MavenRepository\io\github\bonigarcia\webdrivermanager\2.0.0\webdrivermanager-2.0.0.jar;C:\MyDevelopments\DevTools\MavenRepository\org\slf4j\slf4j-api\1.7.24\slf4j-api-1.7.24.jar;C:\MyDevelopments\DevTools\MavenRepository\commons-io\commons-io\2.5\commons-io-2.5.jar;C:\MyDevelopments\DevTools\MavenRepository\org\apache\commons\commons-lang3\3.5\commons-lang3-3.5.jar;C:\MyDevelopments\DevTools\MavenRepository\org\rauschig\jarchivelib\0.7.1\jarchivelib-0.7.1.jar;C:\MyDevelopments\DevTools\MavenRepository\org\apache\commons\commons-compress\1.9\commons-compress-1.9.jar;C:\MyDevelopments\DevTools\MavenRepository\org\jsoup\jsoup\1.10.2\jsoup-1.10.2.jar;C:\MyDevelopments\DevTools\MavenRepository\junit\junit\4.12\junit-4.12.jar;C:\MyDevelopments\DevTools\MavenRepository\org\hamcrest\hamcrest-core\1.3\hamcrest-core-1.3.jar;C:\MyDevelopments\DevTools\MavenRepository\org\testng\testng\6.13.1\testng-6.13.1.jar;C:\MyDevelopments\DevTools\MavenRepository\com\beust\jcommander\1.72\jcommander-1.72.jar;C:\MyDevelopments\DevTools\MavenRepository\com\tngtech\java\junit-dataprovider\1.13.1\junit-dataprovider-1.13.1.jar;C:\MyDevelopments\DevTools\MavenRepository\net\sourceforge\jexcelapi\jxl\2.6.12\jxl-2.6.12.jar;C:\MyDevelopments\DevTools\MavenRepository\log4j\log4j\1.2.14\log4j-1.2.14.jar;C:\MyDevelopments\DevTools\MavenRepository\org\apache\poi\poi-ooxml\3.17\poi-ooxml-3.17.jar;C:\MyDevelopments\DevTools\MavenRepository\org\apache\poi\poi\3.17\poi-3.17.jar;C:\MyDevelopments\DevTools\MavenRepository\org\apache\commons\commons-collections4\4.1\commons-collections4-4.1.jar;C:\MyDevelopments\DevTools\MavenRepository\org\apache\poi\poi-ooxml-schemas\3.17\poi-ooxml-schemas-3.17.jar;C:\MyDevelopments\DevTools\MavenRepository\org\apache\xmlbeans\xmlbeans\2.6.0\xmlbeans-2.6.0.jar;C:\MyDevelopments\DevTools\MavenRepository\stax\stax-api\1.0.1\stax-api-1.0.1.jar;C:\MyDevelopments\DevTools\MavenRepository\com\github\virtuald\curvesapi\1.04\curvesapi-1.04.jar;C:\MyDevelopments\DevTools\MavenRepository\org\hamcrest\hamcrest-all\1.3\hamcrest-all-1.3.jar;C:\MyDevelopments\DevTools\MavenRepository\info\cukes\cucumber-java\1.2.5\cucumber-java-1.2.5.jar;C:\MyDevelopments\DevTools\MavenRepository\info\cukes\cucumber-core\1.2.5\cucumber-core-1.2.5.jar;C:\MyDevelopments\DevTools\MavenRepository\info\cukes\cucumber-html\0.2.3\cucumber-html-0.2.3.jar;C:\MyDevelopments\DevTools\MavenRepository\info\cukes\cucumber-jvm-deps\1.0.5\cucumber-jvm-deps-1.0.5.jar;C:\MyDevelopments\DevTools\MavenRepository\info\cukes\gherkin\2.12.2\gherkin-2.12.2.jar;C:\MyDevelopments\DevTools\MavenRepository\info\cukes\cucumber-junit\1.2.5\cucumber-junit-1.2.5.jar;C:\MyDevelopments\DevTools\MavenRepository\info\cukes\cucumber-testng\1.2.5\cucumber-testng-1.2.5.jar;C:\MyDevelopments\DevTools\MavenRepository\net\masterthought\cucumber-reporting\3.14.0\cucumber-reporting-3.14.0.jar;C:\MyDevelopments\DevTools\MavenRepository\org\apache\logging\log4j\log4j-api\2.8.2\log4j-api-2.8.2.jar;C:\MyDevelopments\DevTools\MavenRepository\org\apache\logging\log4j\log4j-core\2.8.2\log4j-core-2.8.2.jar;C:\MyDevelopments\DevTools\MavenRepository\com\fasterxml\jackson\core\jackson-databind\2.8.6\jackson-databind-2.8.6.jar;C:\MyDevelopments\DevTools\MavenRepository\com\fasterxml\jackson\core\jackson-annotations\2.8.0\jackson-annotations-2.8.0.jar;C:\MyDevelopments\DevTools\MavenRepository\com\fasterxml\jackson\core\jackson-core\2.8.6\jackson-core-2.8.6.jar;C:\MyDevelopments\DevTools\MavenRepository\org\apache\velocity\velocity\1.7\velocity-1.7.jar;C:\MyDevelopments\DevTools\MavenRepository\commons-collections\commons-collections\3.2.1\commons-collections-3.2.1.jar;C:\MyDevelopments\DevTools\MavenRepository\commons-lang\commons-lang\2.4\commons-lang-2.4.jar;C:\MyDevelopments\DevTools\MavenRepository\velocity-tools\velocity-tools\1.4\velocity-tools-1.4.jar;C:\MyDevelopments\DevTools\MavenRepository\joda-time\joda-time\2.9.9\joda-time-2.9.9.jar;C:\MyDevelopments\DevTools\MavenRepository\net\lingala\zip4j\zip4j\1.3.2\zip4j-1.3.2.jar;C:\MyDevelopments\DevTools\MavenRepository\org\codehaus\plexus\plexus-utils\3.0.24\plexus-utils-3.0.24.jar;C:\MyDevelopments\DevTools\MavenRepository\com\googlecode\owasp-java-html-sanitizer\owasp-java-html-sanitizer\20170515.1\owasp-java-html-sanitizer-20170515.1.jar;C:\MyDevelopments\DevTools\MavenRepository\commons-configuration\commons-configuration\1.6\commons-configuration-1.6.jar;C:\MyDevelopments\DevTools\MavenRepository\commons-digester\commons-digester\1.8\commons-digester-1.8.jar;C:\MyDevelopments\DevTools\MavenRepository\commons-beanutils\commons-beanutils\1.7.0\commons-beanutils-1.7.0.jar;C:\MyDevelopments\DevTools\MavenRepository\commons-beanutils\commons-beanutils-core\1.8.0\commons-beanutils-core-1.8.0.jar;C:\MyDevelopments\DevTools\MavenRepository\net\masterthought\maven-cucumber-reporting\3.14.0\maven-cucumber-reporting-3.14.0.jar;C:\MyDevelopments\DevTools\MavenRepository\org\apache\maven\maven-plugin-api\3.3.9\maven-plugin-api-3.3.9.jar;C:\MyDevelopments\DevTools\MavenRepository\org\apache\maven\maven-model\3.3.9\maven-model-3.3.9.jar;C:\MyDevelopments\DevTools\MavenRepository\org\apache\maven\maven-artifact\3.3.9\maven-artifact-3.3.9.jar;C:\MyDevelopments\DevTools\MavenRepository\org\eclipse\sisu\org.eclipse.sisu.plexus\0.3.2\org.eclipse.sisu.plexus-0.3.2.jar;C:\MyDevelopments\DevTools\MavenRepository\javax\enterprise\cdi-api\1.0\cdi-api-1.0.jar;C:\MyDevelopments\DevTools\MavenRepository\javax\annotation\jsr250-api\1.0\jsr250-api-1.0.jar;C:\MyDevelopments\DevTools\MavenRepository\javax\inject\javax.inject\1\javax.inject-1.jar;C:\MyDevelopments\DevTools\MavenRepository\org\eclipse\sisu\org.eclipse.sisu.inject\0.3.2\org.eclipse.sisu.inject-0.3.2.jar;C:\MyDevelopments\DevTools\MavenRepository\org\codehaus\plexus\plexus-component-annotations\1.5.5\plexus-component-annotations-1.5.5.jar;C:\MyDevelopments\DevTools\MavenRepository\org\codehaus\plexus\plexus-classworlds\2.5.2\plexus-classworlds-2.5.2.jar;C:\MyDevelopments\DevTools\MavenRepository\org\apache\maven\plugins\maven-gpg-plugin\1.6\maven-gpg-plugin-1.6.jar;C:\MyDevelopments\DevTools\MavenRepository\org\apache\maven\maven-project\2.2.1\maven-project-2.2.1.jar;C:\MyDevelopments\DevTools\MavenRepository\org\apache\maven\maven-settings\2.2.1\maven-settings-2.2.1.jar;C:\MyDevelopments\DevTools\MavenRepository\org\apache\maven\maven-profile\2.2.1\maven-profile-2.2.1.jar;C:\MyDevelopments\DevTools\MavenRepository\org\apache\maven\maven-artifact-manager\2.2.1\maven-artifact-manager-2.2.1.jar;C:\MyDevelopments\DevTools\MavenRepository\org\apache\maven\wagon\wagon-provider-api\1.0-beta-6\wagon-provider-api-1.0-beta-6.jar;C:\MyDevelopments\DevTools\MavenRepository\backport-util-concurrent\backport-util-concurrent\3.1\backport-util-concurrent-3.1.jar;C:\MyDevelopments\DevTools\MavenRepository\org\apache\maven\maven-plugin-registry\2.2.1\maven-plugin-registry-2.2.1.jar;C:\MyDevelopments\DevTools\MavenRepository\org\codehaus\plexus\plexus-interpolation\1.11\plexus-interpolation-1.11.jar;C:\MyDevelopments\DevTools\MavenRepository\org\codehaus\plexus\plexus-container-default\1.0-alpha-9-stable-1\plexus-container-default-1.0-alpha-9-stable-1.jar;C:\MyDevelopments\DevTools\MavenRepository\classworlds\classworlds\1.1-alpha-2\classworlds-1.1-alpha-2.jar;C:\MyDevelopments\DevTools\MavenRepository\org\apache\maven\maven-repository-metadata\2.2.1\maven-repository-metadata-2.2.1.jar;C:\MyDevelopments\DevTools\MavenRepository\org\sonatype\plexus\plexus-sec-dispatcher\1.4\plexus-sec-dispatcher-1.4.jar;C:\MyDevelopments\DevTools\MavenRepository\org\sonatype\plexus\plexus-cipher\1.4\plexus-cipher-1.4.jar;C:\MyDevelopments\DevTools\MavenRepository\org\apache\maven\surefire\surefire-testng-utils\2.20.1\surefire-testng-utils-2.20.1.jar;C:\MyDevelopments\DevTools\MavenRepository\org\apache\maven\surefire\surefire-grouper\2.20.1\surefire-grouper-2.20.1.jar;"/>
    <property name="sun.cpu.endian" value="little"/>
    <property name="user.home" value="C:\Users\ShiftStudent"/>
    <property name="user.language" value="en"/>
    <property name="java.specification.vendor" value="Oracle Corporation"/>
    <property name="java.home" value="C:\Program Files\Java\jdk1.8.0_151\jre"/>
    <property name="basedir" value="C:\MyDevelopments\IdeaProjects\LordAndTaylor"/>
    <property name="file.separator" value="\"/>
    <property name="line.separator" value="&#10;"/>
    <property name="java.vm.specification.vendor" value="Oracle Corporation"/>
    <property name="java.specification.name" value="Java Platform API Specification"/>
    <property name="java.awt.graphicsenv" value="sun.awt.Win32GraphicsEnvironment"/>
    <property name="surefire.real.class.path" value="C:\Users\SHIFTS~1\AppData\Local\Temp\surefire3522308957807097282\surefirebooter2604721041483176421.jar"/>
    <property name="sun.boot.class.path" value="C:\Program Files\Java\jdk1.8.0_151\jre\lib\resources.jar;C:\Program Files\Java\jdk1.8.0_151\jre\lib\rt.jar;C:\Program Files\Java\jdk1.8.0_151\jre\lib\sunrsasign.jar;C:\Program Files\Java\jdk1.8.0_151\jre\lib\jsse.jar;C:\Program Files\Java\jdk1.8.0_151\jre\lib\jce.jar;C:\Program Files\Java\jdk1.8.0_151\jre\lib\charsets.jar;C:\Program Files\Java\jdk1.8.0_151\jre\lib\jfr.jar;C:\Program Files\Java\jdk1.8.0_151\jre\classes"/>
    <property name="user.script" value=""/>
    <property name="sun.management.compiler" value="HotSpot 64-Bit Tiered Compilers"/>
    <property name="java.runtime.version" value="1.8.0_151-b12"/>
    <property name="user.name" value="ShiftStudent"/>
    <property name="path.separator" value=";"/>
    <property name="os.version" value="6.1"/>
    <property name="java.endorsed.dirs" value="C:\Program Files\Java\jdk1.8.0_151\jre\lib\endorsed"/>
    <property name="java.runtime.name" value="Java(TM) SE Runtime Environment"/>
    <property name="file.encoding" value="Cp1252"/>
    <property name="java.vm.name" value="Java HotSpot(TM) 64-Bit Server VM"/>
    <property name="localRepository" value="C:\MyDevelopments\DevTools\MavenRepository"/>
    <property name="java.vendor.url.bug" value="http://bugreport.sun.com/bugreport/"/>
    <property name="java.io.tmpdir" value="C:\Users\SHIFTS~1\AppData\Local\Temp\"/>
    <property name="java.version" value="1.8.0_151"/>
    <property name="user.dir" value="C:\MyDevelopments\IdeaProjects\LordAndTaylor"/>
    <property name="os.arch" value="amd64"/>
    <property name="java.vm.specification.name" value="Java Virtual Machine Specification"/>
    <property name="java.awt.printerjob" value="sun.awt.windows.WPrinterJob"/>
    <property name="sun.os.patch.level" value="Service Pack 1"/>
    <property name="java.library.path" value="C:\Program Files\Java\jdk1.8.0_151\jre\bin;C:\Windows\Sun\Java\bin;C:\Windows\system32;C:\Windows;C:\ProgramData\Oracle\Java\javapath;C:\Windows\system32;C:\Windows;C:\Windows\System32\Wbem;C:\Windows\System32\WindowsPowerShell\v1.0\;C:\Program Files (x86)\Microsoft SQL Server\100\Tools\Binn\;C:\Program Files\Microsoft SQL Server\100\Tools\Binn\;C:\Program Files\Microsoft SQL Server\100\DTS\Binn\;C:\Program Files (x86)\Microsoft SQL Server\100\Tools\Binn\VSShell\Common7\IDE\;C:\Program Files (x86)\Microsoft SQL Server\100\DTS\Binn\;C:\Program Files (x86)\MySQL\MySQL Fabric 1.5 &amp; MySQL Utilities 1.5\;C:\Program Files (x86)\MySQL\MySQL Fabric 1.5 &amp; MySQL Utilities 1.5\Doctrine extensions for PHP\C:\Program Files\Java\jdk1.8.0_151\bin;C:\Program Files\Git\cmd;C:\Program Files\apache-maven-3.5.2\bin;C:\Program Files (x86)\PuTTY\;."/>
    <property name="java.vm.info" value="mixed mode"/>
    <property name="java.vendor" value="Oracle Corporation"/>
    <property name="java.vm.version" value="25.151-b12"/>
    <property name="java.ext.dirs" value="C:\Program Files\Java\jdk1.8.0_151\jre\lib\ext;C:\Windows\Sun\Java\lib\ext"/>
    <property name="sun.io.unicode.encoding" value="UnicodeLittle"/>
    <property name="java.class.version" value="52.0"/>
  </properties>
</testsuite>