<?xml version="1.0" encoding="UTF-8"?>
<!-- Generated by org.testng.reporters.JUnitReportReporter -->
<testsuite hostname="Shift-PC01" failures="0" tests="1" name="com.lordandtaylor.qa.framework.utils.HamcrestTest" time="0.012" errors="0" timestamp="20 Sep 2018 03:04:26 GMT" skipped="0">
  <testcase classname="com.lordandtaylor.qa.framework.utils.HamcrestTest" name="test_RegexCase2" time="0.012"/>
</testsuite> <!-- com.lordandtaylor.qa.framework.utils.HamcrestTest -->
