<?xml version="1.0" encoding="UTF-8"?>
<!-- Generated by org.testng.reporters.JUnitReportReporter -->
<testsuite hostname="Shift-PC01" failures="0" tests="1" name="com.lordandtaylor.qa.framework.utils.HamcrestTest" time="0.014" errors="0" timestamp="07 Oct 2018 03:03:30 GMT" skipped="0">
  <testcase classname="com.lordandtaylor.qa.framework.utils.HamcrestTest" name="test_RegexCase2" time="0.014"/>
</testsuite> <!-- com.lordandtaylor.qa.framework.utils.HamcrestTest -->
